ie.cit.patrick.dao.MemberDao 29/10/2012 04:32PM - Attempting to add new Member: Patrick Robertson to database
ie.cit.patrick.dao.MemberDao 29/10/2012 04:32PM - Member: Patrick Robertson successfully added to the database

ie.cit.patrick.dao.MemberDao 29/10/2012 04:32PM - Attempting to delete Member with Id: 9333 from database
ie.cit.patrick.dao.MemberDao 29/10/2012 04:32PM - Member: 9333 successfully deleted from database

ie.cit.patrick.dao.MemberDao 29/10/2012 04:32PM - Attempting to add new Member: Patrick Robertson to database
ie.cit.patrick.dao.MemberDao 29/10/2012 04:32PM - Member: Patrick Robertson successfully added to the database

ie.cit.patrick.dao.MemberDao 29/10/2012 04:32PM - Attempting to update Member: Patrick Robertson in database
ie.cit.patrick.dao.MemberDao 29/10/2012 04:32PM - Member: Patrick Robertson successfully updated in database

ie.cit.patrick.dao.MemberDao 29/10/2012 04:32PM - Attempting to delete Member with Id: 9334 from database
ie.cit.patrick.dao.MemberDao 29/10/2012 04:32PM - Member: 9334 successfully deleted from database

ie.cit.patrick.dao.MemberDao 29/10/2012 04:32PM - Attempting to update Member: Steven Saunders in database
ie.cit.patrick.dao.MemberDao 29/10/2012 04:32PM - Member: Steven Saunders successfully updated in database

ie.cit.patrick.dao.MemberDao 29/10/2012 04:32PM - Attempting to update Member: Steven Saunders in database
ie.cit.patrick.dao.MemberDao 29/10/2012 04:32PM - Member: Steven Saunders successfully updated in database

ie.cit.patrick.dao.MemberDao 29/10/2012 04:32PM - Attempting to update Member: Steven Saunders in database
ie.cit.patrick.dao.MemberDao 29/10/2012 04:32PM - Member: Steven Saunders successfully updated in database

ie.cit.patrick.dao.MemberDao 29/10/2012 04:32PM - Attempting to update Member: Bertie Ahern in database
ie.cit.patrick.dao.MemberDao 29/10/2012 04:32PM - Member: Bertie Ahern successfully updated in database

ie.cit.patrick.dao.MemberDao 29/10/2012 04:32PM - Attempting to update Member: Bertie Ahern in database
ie.cit.patrick.dao.MemberDao 29/10/2012 04:32PM - Member: Bertie Ahern successfully updated in database

ie.cit.patrick.dao.MemberDao 29/10/2012 04:32PM - Attempting to add new Member: Bob Hope to database
ie.cit.patrick.dao.MemberDao 29/10/2012 04:32PM - Member: Bob Hope successfully added to the database

ie.cit.patrick.dao.MemberDao 29/10/2012 04:32PM - Attempting to add new Member: Chris Stephenson to database
ie.cit.patrick.dao.MemberDao 29/10/2012 04:32PM - Member: Chris Stephenson successfully added to the database

ie.cit.patrick.dao.MemberDao 29/10/2012 04:32PM - Attempting to add new Member: Vera Saunders to database
ie.cit.patrick.dao.MemberDao 29/10/2012 04:32PM - Member: Vera Saunders successfully added to the database

ie.cit.patrick.dao.MemberDao 29/10/2012 04:32PM - Attempting to add new Member: Steven Saunders to database
ie.cit.patrick.dao.MemberDao 29/10/2012 04:32PM - Member: Steven Saunders successfully added to the database

ie.cit.patrick.dao.MemberDao 29/10/2012 04:32PM - Attempting to add new Member: Logan Robertson to database
ie.cit.patrick.dao.MemberDao 29/10/2012 04:32PM - Member: Logan Robertson successfully added to the database

ie.cit.patrick.dao.MemberDao 29/10/2012 04:32PM - Attempting to update Member: Janet Leigh in database
ie.cit.patrick.dao.MemberDao 29/10/2012 04:32PM - Member: Janet Leigh successfully updated in database

ie.cit.patrick.dao.MemberDao 29/10/2012 04:32PM - Attempting to update Member: Stuart Little in database
ie.cit.patrick.dao.MemberDao 29/10/2012 04:32PM - Member: Stuart Little successfully updated in database

ie.cit.patrick.dao.MemberDao 29/10/2012 04:32PM - Attempting to update Member: Steven Saunders in database
ie.cit.patrick.dao.MemberDao 29/10/2012 04:32PM - Member: Steven Saunders successfully updated in database

ie.cit.patrick.dao.MemberDao 29/10/2012 04:32PM - Attempting to update Member: Logan Robertson in database
ie.cit.patrick.dao.MemberDao 29/10/2012 04:32PM - Member: Logan Robertson successfully updated in database

ie.cit.patrick.dao.MemberDao 29/10/2012 04:32PM - Attempting to update Member: Janet Leigh in database
ie.cit.patrick.dao.MemberDao 29/10/2012 04:32PM - Member: Janet Leigh successfully updated in database

ie.cit.patrick.dao.MemberDao 29/10/2012 04:32PM - Attempting to add new Member: Patrick Stewart to database
ie.cit.patrick.dao.MemberDao 29/10/2012 04:32PM - Member: Patrick Stewart successfully added to the database

