ie.cit.patrick.dao.MemberDao 29/10/2012 10:59PM - Attempting to add new Member: Bob Hope to database
ie.cit.patrick.dao.MemberDao 29/10/2012 10:59PM - Member: Bob Hope successfully added to the database

ie.cit.patrick.dao.MemberDao 29/10/2012 10:59PM - Attempting to add new Member: Chris Stephenson to database
ie.cit.patrick.dao.MemberDao 29/10/2012 10:59PM - Member: Chris Stephenson successfully added to the database

ie.cit.patrick.dao.MemberDao 29/10/2012 10:59PM - Attempting to add new Member: Vera Saunders to database
ie.cit.patrick.dao.MemberDao 29/10/2012 10:59PM - Member: Vera Saunders successfully added to the database

ie.cit.patrick.dao.MemberDao 29/10/2012 10:59PM - Attempting to add new Member: Steven Saunders to database
ie.cit.patrick.dao.MemberDao 29/10/2012 10:59PM - Member: Steven Saunders successfully added to the database

ie.cit.patrick.dao.MemberDao 29/10/2012 10:59PM - Attempting to add new Member: Logan Robertson to database
ie.cit.patrick.dao.MemberDao 29/10/2012 10:59PM - Member: Logan Robertson successfully added to the database

ie.cit.patrick.dao.MemberDao 29/10/2012 10:59PM - Attempting to update Member: Janet Leigh in database
ie.cit.patrick.dao.MemberDao 29/10/2012 10:59PM - Member: Janet Leigh successfully updated in database

ie.cit.patrick.dao.MemberDao 29/10/2012 10:59PM - Attempting to update Member: Stuart Little in database
ie.cit.patrick.dao.MemberDao 29/10/2012 10:59PM - Member: Stuart Little successfully updated in database

ie.cit.patrick.dao.MemberDao 29/10/2012 10:59PM - Attempting to update Member: Steven Saunders in database
ie.cit.patrick.dao.MemberDao 29/10/2012 10:59PM - Member: Steven Saunders successfully updated in database

ie.cit.patrick.dao.MemberDao 29/10/2012 10:59PM - Attempting to update Member: Logan Robertson in database
ie.cit.patrick.dao.MemberDao 29/10/2012 10:59PM - Member: Logan Robertson successfully updated in database

ie.cit.patrick.dao.MemberDao 29/10/2012 10:59PM - Attempting to update Member: Janet Leigh in database
ie.cit.patrick.dao.MemberDao 29/10/2012 10:59PM - Member: Janet Leigh successfully updated in database

ie.cit.patrick.dao.MemberDao 29/10/2012 10:59PM - Attempting to add new Member: Patrick Stewart to database
ie.cit.patrick.dao.MemberDao 29/10/2012 10:59PM - Member: Patrick Stewart successfully added to the database

