ie.cit.patrick.dao.MemberDao 29/10/2012 11:06PM - Attempting to update Member: Steven Saunders in database
ie.cit.patrick.dao.MemberDao 29/10/2012 11:06PM - Member: Steven Saunders successfully updated in database

ie.cit.patrick.dao.MemberDao 29/10/2012 11:06PM - Attempting to update Member: Steven Saunders in database
ie.cit.patrick.dao.MemberDao 29/10/2012 11:06PM - Member: Steven Saunders successfully updated in database

ie.cit.patrick.dao.MemberDao 29/10/2012 11:06PM - Attempting to update Member: Steven Saunders in database
ie.cit.patrick.dao.MemberDao 29/10/2012 11:06PM - Member: Steven Saunders successfully updated in database

ie.cit.patrick.dao.MemberDao 29/10/2012 11:06PM - Attempting to update Member: Bertie Ahern in database
ie.cit.patrick.dao.MemberDao 29/10/2012 11:06PM - Member: Bertie Ahern successfully updated in database

ie.cit.patrick.dao.MemberDao 29/10/2012 11:06PM - Attempting to update Member: Bertie Ahern in database
ie.cit.patrick.dao.MemberDao 29/10/2012 11:06PM - Member: Bertie Ahern successfully updated in database

ie.cit.patrick.dao.MemberDao 29/10/2012 11:06PM - Attempting to add new Member: Patrick Robertson to database
ie.cit.patrick.dao.MemberDao 29/10/2012 11:06PM - Member: Patrick Robertson successfully added to the database

ie.cit.patrick.dao.MemberDao 29/10/2012 11:06PM - Attempting to delete Member with Id: 9333 from database
ie.cit.patrick.dao.MemberDao 29/10/2012 11:06PM - Member: 9333 successfully deleted from database

ie.cit.patrick.dao.MemberDao 29/10/2012 11:06PM - Attempting to add new Member: Patrick Robertson to database
ie.cit.patrick.dao.MemberDao 29/10/2012 11:06PM - Member: Patrick Robertson successfully added to the database

ie.cit.patrick.dao.MemberDao 29/10/2012 11:06PM - Attempting to update Member: Patrick Robertson in database
ie.cit.patrick.dao.MemberDao 29/10/2012 11:06PM - Member: Patrick Robertson successfully updated in database

ie.cit.patrick.dao.MemberDao 29/10/2012 11:06PM - Attempting to delete Member with Id: 9334 from database
ie.cit.patrick.dao.MemberDao 29/10/2012 11:06PM - Member: 9334 successfully deleted from database

