ie.cit.patrick.service.impl.BookBatchProcessor 29/10/2012 07:47PM - BookBatchProcessor.validateStringArray(..) is attempting to validate these parts: 
A
Wuthering Heights
Emily Bronte
Wordsworth Editions Ltd
1992-05-01
1853260010

ie.cit.patrick.service.impl.BookBatchProcessor 29/10/2012 07:47PM - BookBatchProcessor.validateStringArray(..) completed validating these parts: 
A
Wuthering Heights
Emily Bronte
Wordsworth Editions Ltd
1992-05-01
1853260010

ie.cit.patrick.service.impl.BookBatchProcessor 29/10/2012 07:47PM - BookBatchProcessor.validateStringArray(..) is attempting to validate these parts: 
U
1236
*U

ie.cit.patrick.service.impl.BookBatchProcessor 29/10/2012 07:47PM - BookBatchProcessor.validateStringArray(..) completed validating these parts: 
U
1236
*U

ie.cit.patrick.service.impl.BookBatchProcessor 29/10/2012 07:47PM - BookBatchProcessor.processLines(..) is attempting to process this line: [A~Wuthering Heights~Emily Bronte~Wordsworth Editions Ltd~1992-05-01~1853260010, A~Python Programming for the Absolute Beginner~Mike Dawson~Course Technology PTR~2010-01-30~1435455002, U~1236~*U, A~Digital Marketing Strategy Implementation and Practice~Dave Chaffey~Pearson~2012-07-12~0273746103, A~Dancing at Lughnasa~A N Other~Faber and Faber, A~~Best Story ever~A N Other~publisher.com~2012-07-12~0571144799, U~4454~Dancing at Lughnasa~Brian Friel~Faber and Faber~1990-05-21~0571144799, A~An Error Book~Emily Bronte~Wordsworth Editions Ltd~1992-1~1853260010, U~1236~*U, U~3421~*A, X~Wuthering Heights~Emily Bronte~Wordsworth Editions Ltd~1992-05-01~1853260010]
ie.cit.patrick.service.impl.BookBatchProcessor 29/10/2012 07:47PM - BookBatchProcessor.validateStringArray(..) is attempting to validate these parts: 
A
Wuthering Heights
Emily Bronte
Wordsworth Editions Ltd
1992-05-01
1853260010

ie.cit.patrick.service.impl.BookBatchProcessor 29/10/2012 07:47PM - BookBatchProcessor.validateStringArray(..) completed validating these parts: 
A
Wuthering Heights
Emily Bronte
Wordsworth Editions Ltd
1992-05-01
1853260010

ie.cit.patrick.service.impl.BookBatchProcessor 29/10/2012 07:47PM - BookBatchProcessor.processDecider(..) is attempting to process these parts: 
A
Wuthering Heights
Emily Bronte
Wordsworth Editions Ltd
1992-05-01
1853260010

ie.cit.patrick.service.impl.BookBatchProcessor 29/10/2012 07:47PM - BookBatchProcessor.processDecider(..) completed processing these parts: 
A
Wuthering Heights
Emily Bronte
Wordsworth Editions Ltd
1992-05-01
1853260010

ie.cit.patrick.service.impl.BookBatchProcessor 29/10/2012 07:47PM - BookBatchProcessor.validateStringArray(..) is attempting to validate these parts: 
A
Python Programming for the Absolute Beginner
Mike Dawson
Course Technology PTR
2010-01-30
1435455002

ie.cit.patrick.service.impl.BookBatchProcessor 29/10/2012 07:47PM - BookBatchProcessor.validateStringArray(..) completed validating these parts: 
A
Python Programming for the Absolute Beginner
Mike Dawson
Course Technology PTR
2010-01-30
1435455002

ie.cit.patrick.service.impl.BookBatchProcessor 29/10/2012 07:47PM - BookBatchProcessor.processDecider(..) is attempting to process these parts: 
A
Python Programming for the Absolute Beginner
Mike Dawson
Course Technology PTR
2010-01-30
1435455002

ie.cit.patrick.service.impl.BookBatchProcessor 29/10/2012 07:47PM - BookBatchProcessor.processDecider(..) completed processing these parts: 
A
Python Programming for the Absolute Beginner
Mike Dawson
Course Technology PTR
2010-01-30
1435455002

ie.cit.patrick.service.impl.BookBatchProcessor 29/10/2012 07:47PM - BookBatchProcessor.validateStringArray(..) is attempting to validate these parts: 
U
1236
*U

ie.cit.patrick.service.impl.BookBatchProcessor 29/10/2012 07:47PM - BookBatchProcessor.validateStringArray(..) completed validating these parts: 
U
1236
*U

ie.cit.patrick.service.impl.BookBatchProcessor 29/10/2012 07:47PM - BookBatchProcessor.validateStringArray(..) is attempting to validate these parts: 
A
Digital Marketing Strategy Implementation and Practice
Dave Chaffey
Pearson
2012-07-12
0273746103

ie.cit.patrick.service.impl.BookBatchProcessor 29/10/2012 07:47PM - BookBatchProcessor.validateStringArray(..) completed validating these parts: 
A
Digital Marketing Strategy Implementation and Practice
Dave Chaffey
Pearson
2012-07-12
0273746103

ie.cit.patrick.service.impl.BookBatchProcessor 29/10/2012 07:47PM - BookBatchProcessor.processDecider(..) is attempting to process these parts: 
A
Digital Marketing Strategy Implementation and Practice
Dave Chaffey
Pearson
2012-07-12
0273746103

ie.cit.patrick.service.impl.BookBatchProcessor 29/10/2012 07:47PM - BookBatchProcessor.processDecider(..) completed processing these parts: 
A
Digital Marketing Strategy Implementation and Practice
Dave Chaffey
Pearson
2012-07-12
0273746103

ie.cit.patrick.service.impl.BookBatchProcessor 29/10/2012 07:47PM - BookBatchProcessor.validateStringArray(..) is attempting to validate these parts: 
A
Dancing at Lughnasa
A N Other
Faber and Faber

ie.cit.patrick.service.impl.BookBatchProcessor 29/10/2012 07:47PM - BookBatchProcessor.validateStringArray(..) completed validating these parts: 
A
Dancing at Lughnasa
A N Other
Faber and Faber

ie.cit.patrick.service.impl.BookBatchProcessor 29/10/2012 07:47PM - BookBatchProcessor.validateStringArray(..) is attempting to validate these parts: 
A

Best Story ever
A N Other
publisher.com
2012-07-12
0571144799

ie.cit.patrick.service.impl.BookBatchProcessor 29/10/2012 07:47PM - BookBatchProcessor.validateStringArray(..) completed validating these parts: 
A

Best Story ever
A N Other
publisher.com
2012-07-12
0571144799

ie.cit.patrick.service.impl.BookBatchProcessor 29/10/2012 07:47PM - BookBatchProcessor.validateStringArray(..) is attempting to validate these parts: 
U
4454
Dancing at Lughnasa
Brian Friel
Faber and Faber
1990-05-21
0571144799

ie.cit.patrick.service.impl.BookBatchProcessor 29/10/2012 07:47PM - BookBatchProcessor.validateStringArray(..) completed validating these parts: 
U
4454
Dancing at Lughnasa
Brian Friel
Faber and Faber
1990-05-21
0571144799

ie.cit.patrick.service.impl.BookBatchProcessor 29/10/2012 07:47PM - BookBatchProcessor.validateStringArray(..) is attempting to validate these parts: 
A
An Error Book
Emily Bronte
Wordsworth Editions Ltd
1992-1
1853260010

ie.cit.patrick.service.impl.BookBatchProcessor 29/10/2012 07:47PM - BookBatchProcessor.validateStringArray(..) completed validating these parts: 
A
An Error Book
Emily Bronte
Wordsworth Editions Ltd
1992-1
1853260010

ie.cit.patrick.service.impl.BookBatchProcessor 29/10/2012 07:47PM - BookBatchProcessor.validateStringArray(..) is attempting to validate these parts: 
U
1236
*U

ie.cit.patrick.service.impl.BookBatchProcessor 29/10/2012 07:47PM - BookBatchProcessor.validateStringArray(..) completed validating these parts: 
U
1236
*U

ie.cit.patrick.service.impl.BookBatchProcessor 29/10/2012 07:47PM - BookBatchProcessor.validateStringArray(..) is attempting to validate these parts: 
U
3421
*A

ie.cit.patrick.service.impl.BookBatchProcessor 29/10/2012 07:47PM - BookBatchProcessor.validateStringArray(..) completed validating these parts: 
U
3421
*A

ie.cit.patrick.service.impl.BookBatchProcessor 29/10/2012 07:47PM - BookBatchProcessor.validateStringArray(..) is attempting to validate these parts: 
X
Wuthering Heights
Emily Bronte
Wordsworth Editions Ltd
1992-05-01
1853260010

ie.cit.patrick.service.impl.BookBatchProcessor 29/10/2012 07:47PM - BookBatchProcessor.validateStringArray(..) completed validating these parts: 
X
Wuthering Heights
Emily Bronte
Wordsworth Editions Ltd
1992-05-01
1853260010

ie.cit.patrick.service.impl.BookBatchProcessor 29/10/2012 07:47PM - BookBatchProcessor.processLines(..) completed processing this line: [A~Wuthering Heights~Emily Bronte~Wordsworth Editions Ltd~1992-05-01~1853260010, A~Python Programming for the Absolute Beginner~Mike Dawson~Course Technology PTR~2010-01-30~1435455002, U~1236~*U, A~Digital Marketing Strategy Implementation and Practice~Dave Chaffey~Pearson~2012-07-12~0273746103, A~Dancing at Lughnasa~A N Other~Faber and Faber, A~~Best Story ever~A N Other~publisher.com~2012-07-12~0571144799, U~4454~Dancing at Lughnasa~Brian Friel~Faber and Faber~1990-05-21~0571144799, A~An Error Book~Emily Bronte~Wordsworth Editions Ltd~1992-1~1853260010, U~1236~*U, U~3421~*A, X~Wuthering Heights~Emily Bronte~Wordsworth Editions Ltd~1992-05-01~1853260010]
