ie.cit.patrick.service.impl.BookBatchProcessor 29/10/2012 10:59PM - MemberBatchProcessor.validateStringArray(..) is attempting to validate these parts: 
A
Bob Hope
50 Rodeo Drive
Limerick
0871234567

ie.cit.patrick.service.impl.BookBatchProcessor 29/10/2012 10:59PM - MemberBatchProcessor.validateStringArray(..) completed validating these parts: 
A
Bob Hope
50 Rodeo Drive
Limerick
0871234567

ie.cit.patrick.service.impl.BookBatchProcessor 29/10/2012 10:59PM - MemberBatchProcessor.validateStringArray(..) is attempting to validate these parts: 
U
232
*I

ie.cit.patrick.service.impl.BookBatchProcessor 29/10/2012 10:59PM - MemberBatchProcessor.validateStringArray(..) completed validating these parts: 
U
232
*I

ie.cit.patrick.service.impl.BookBatchProcessor 29/10/2012 10:59PM - MemberBatchProcessor.validateStringArray(..) is attempting to validate these parts: 
U
9332
*A

ie.cit.patrick.service.impl.BookBatchProcessor 29/10/2012 10:59PM - MemberBatchProcessor.validateStringArray(..) completed validating these parts: 
U
9332
*A

ie.cit.patrick.service.impl.BookBatchProcessor 29/10/2012 10:59PM - MemberBatchProcessor.validateStringArray(..) is attempting to validate these parts: 
P
543
23.50

ie.cit.patrick.service.impl.BookBatchProcessor 29/10/2012 10:59PM - MemberBatchProcessor.validateStringArray(..) completed validating these parts: 
P
543
23.50

ie.cit.patrick.service.impl.BookBatchProcessor 29/10/2012 10:59PM - MemberBatchProcessor.validateStringArray(..) is attempting to validate these parts: 
U
3425
Janet Leigh
22 Boreenmana Road
Ballinlough
Cork
0214444333

ie.cit.patrick.service.impl.BookBatchProcessor 29/10/2012 10:59PM - MemberBatchProcessor.validateStringArray(..) completed validating these parts: 
U
3425
Janet Leigh
22 Boreenmana Road
Ballinlough
Cork
0214444333

ie.cit.patrick.service.impl.BookBatchProcessor 29/10/2012 10:59PM - MemberBatchProcessor.validateStringArray(..) is attempting to validate these parts: 
Bob Hope
50 Rodeo Drive
Limerick
0871234567

ie.cit.patrick.service.impl.BookBatchProcessor 29/10/2012 10:59PM - MemberBatchProcessor.validateStringArray(..) completed validating these parts: 
Bob Hope
50 Rodeo Drive
Limerick
0871234567

ie.cit.patrick.service.impl.BookBatchProcessor 29/10/2012 10:59PM - MemberBatchProcessor.validateStringArray(..) is attempting to validate these parts: 
X
Bob Hope
50 Rodeo Drive
Limerick
0871234567

ie.cit.patrick.service.impl.BookBatchProcessor 29/10/2012 10:59PM - MemberBatchProcessor.validateStringArray(..) completed validating these parts: 
X
Bob Hope
50 Rodeo Drive
Limerick
0871234567

ie.cit.patrick.service.impl.BookBatchProcessor 29/10/2012 10:59PM - MemberBatchProcessor.validateStringArray(..) is attempting to validate these parts: 
P
543
23.50

ie.cit.patrick.service.impl.BookBatchProcessor 29/10/2012 10:59PM - MemberBatchProcessor.validateStringArray(..) completed validating these parts: 
P
543
23.50

ie.cit.patrick.service.impl.BookBatchProcessor 29/10/2012 10:59PM - MemberBatchProcessor.validateStringArray(..) is attempting to validate these parts: 
P
543
sdgsghsf

ie.cit.patrick.service.impl.BookBatchProcessor 29/10/2012 10:59PM - MemberBatchProcessor.validateStringArray(..) completed validating these parts: 
P
543
sdgsghsf

ie.cit.patrick.service.impl.BookBatchProcessor 29/10/2012 10:59PM - MemberBatchProcessor.processLines(..) is attempting to process this line: [A~Bob Hope~50 Rodeo Drive~~Limerick~0871234567, A~Chris Stephenson~New House~Stephen Street~Boyle~0331234567, A~Vera Saunders~24A~Elysian~Cork~0211234667, A~Steven Saunders~24A~Elysian~Cork~0211234667, A~Logan Robertson~Hjaltland~Pullerick~Cork~0211234667, U~3425~Janet Leigh~22 Boreenmana Road~Ballinlough~Cork~0214444333, U~232~*I, X~Some Guy~Wrong~Place~666, U~9332~*A, P~543~23.50, U~4684~Steven Robertson~Address~Address, P~3425~1.50, A~Patrick Stewart~Enterprise~~Deep Space~0800123456, P~830~10.50]
ie.cit.patrick.service.impl.BookBatchProcessor 29/10/2012 10:59PM - MemberBatchProcessor.validateStringArray(..) is attempting to validate these parts: 
A
Bob Hope
50 Rodeo Drive

Limerick
0871234567

ie.cit.patrick.service.impl.BookBatchProcessor 29/10/2012 10:59PM - MemberBatchProcessor.validateStringArray(..) completed validating these parts: 
A
Bob Hope
50 Rodeo Drive

Limerick
0871234567

ie.cit.patrick.service.impl.BookBatchProcessor 29/10/2012 10:59PM - MemberBatchProcessor.processDecider(..) is attempting to process these parts: 
A
Bob Hope
50 Rodeo Drive

Limerick
0871234567

ie.cit.patrick.service.impl.BookBatchProcessor 29/10/2012 10:59PM - MemberBatchProcessor.processDecider(..) completed processing these parts: 
A
Bob Hope
50 Rodeo Drive

Limerick
0871234567

ie.cit.patrick.service.impl.BookBatchProcessor 29/10/2012 10:59PM - MemberBatchProcessor.validateStringArray(..) is attempting to validate these parts: 
A
Chris Stephenson
New House
Stephen Street
Boyle
0331234567

ie.cit.patrick.service.impl.BookBatchProcessor 29/10/2012 10:59PM - MemberBatchProcessor.validateStringArray(..) completed validating these parts: 
A
Chris Stephenson
New House
Stephen Street
Boyle
0331234567

ie.cit.patrick.service.impl.BookBatchProcessor 29/10/2012 10:59PM - MemberBatchProcessor.processDecider(..) is attempting to process these parts: 
A
Chris Stephenson
New House
Stephen Street
Boyle
0331234567

ie.cit.patrick.service.impl.BookBatchProcessor 29/10/2012 10:59PM - MemberBatchProcessor.processDecider(..) completed processing these parts: 
A
Chris Stephenson
New House
Stephen Street
Boyle
0331234567

ie.cit.patrick.service.impl.BookBatchProcessor 29/10/2012 10:59PM - MemberBatchProcessor.validateStringArray(..) is attempting to validate these parts: 
A
Vera Saunders
24A
Elysian
Cork
0211234667

ie.cit.patrick.service.impl.BookBatchProcessor 29/10/2012 10:59PM - MemberBatchProcessor.validateStringArray(..) completed validating these parts: 
A
Vera Saunders
24A
Elysian
Cork
0211234667

ie.cit.patrick.service.impl.BookBatchProcessor 29/10/2012 10:59PM - MemberBatchProcessor.processDecider(..) is attempting to process these parts: 
A
Vera Saunders
24A
Elysian
Cork
0211234667

ie.cit.patrick.service.impl.BookBatchProcessor 29/10/2012 10:59PM - MemberBatchProcessor.processDecider(..) completed processing these parts: 
A
Vera Saunders
24A
Elysian
Cork
0211234667

ie.cit.patrick.service.impl.BookBatchProcessor 29/10/2012 10:59PM - MemberBatchProcessor.validateStringArray(..) is attempting to validate these parts: 
A
Steven Saunders
24A
Elysian
Cork
0211234667

ie.cit.patrick.service.impl.BookBatchProcessor 29/10/2012 10:59PM - MemberBatchProcessor.validateStringArray(..) completed validating these parts: 
A
Steven Saunders
24A
Elysian
Cork
0211234667

ie.cit.patrick.service.impl.BookBatchProcessor 29/10/2012 10:59PM - MemberBatchProcessor.processDecider(..) is attempting to process these parts: 
A
Steven Saunders
24A
Elysian
Cork
0211234667

ie.cit.patrick.service.impl.BookBatchProcessor 29/10/2012 10:59PM - MemberBatchProcessor.processDecider(..) completed processing these parts: 
A
Steven Saunders
24A
Elysian
Cork
0211234667

ie.cit.patrick.service.impl.BookBatchProcessor 29/10/2012 10:59PM - MemberBatchProcessor.validateStringArray(..) is attempting to validate these parts: 
A
Logan Robertson
Hjaltland
Pullerick
Cork
0211234667

ie.cit.patrick.service.impl.BookBatchProcessor 29/10/2012 10:59PM - MemberBatchProcessor.validateStringArray(..) completed validating these parts: 
A
Logan Robertson
Hjaltland
Pullerick
Cork
0211234667

ie.cit.patrick.service.impl.BookBatchProcessor 29/10/2012 10:59PM - MemberBatchProcessor.processDecider(..) is attempting to process these parts: 
A
Logan Robertson
Hjaltland
Pullerick
Cork
0211234667

ie.cit.patrick.service.impl.BookBatchProcessor 29/10/2012 10:59PM - MemberBatchProcessor.processDecider(..) completed processing these parts: 
A
Logan Robertson
Hjaltland
Pullerick
Cork
0211234667

ie.cit.patrick.service.impl.BookBatchProcessor 29/10/2012 10:59PM - MemberBatchProcessor.validateStringArray(..) is attempting to validate these parts: 
U
3425
Janet Leigh
22 Boreenmana Road
Ballinlough
Cork
0214444333

ie.cit.patrick.service.impl.BookBatchProcessor 29/10/2012 10:59PM - MemberBatchProcessor.validateStringArray(..) completed validating these parts: 
U
3425
Janet Leigh
22 Boreenmana Road
Ballinlough
Cork
0214444333

ie.cit.patrick.service.impl.BookBatchProcessor 29/10/2012 10:59PM - MemberBatchProcessor.processDecider(..) is attempting to process these parts: 
U
3425
Janet Leigh
22 Boreenmana Road
Ballinlough
Cork
0214444333

ie.cit.patrick.service.impl.BookBatchProcessor 29/10/2012 10:59PM - MemberBatchProcessor.processDecider(..) completed processing these parts: 
U
3425
Janet Leigh
22 Boreenmana Road
Ballinlough
Cork
0214444333

ie.cit.patrick.service.impl.BookBatchProcessor 29/10/2012 10:59PM - MemberBatchProcessor.validateStringArray(..) is attempting to validate these parts: 
U
232
*I

ie.cit.patrick.service.impl.BookBatchProcessor 29/10/2012 10:59PM - MemberBatchProcessor.validateStringArray(..) completed validating these parts: 
U
232
*I

ie.cit.patrick.service.impl.BookBatchProcessor 29/10/2012 10:59PM - MemberBatchProcessor.processDecider(..) is attempting to process these parts: 
U
232
*I

ie.cit.patrick.service.impl.BookBatchProcessor 29/10/2012 10:59PM - MemberBatchProcessor.processDecider(..) completed processing these parts: 
U
232
*I

ie.cit.patrick.service.impl.BookBatchProcessor 29/10/2012 10:59PM - MemberBatchProcessor.validateStringArray(..) is attempting to validate these parts: 
X
Some Guy
Wrong
Place
666

ie.cit.patrick.service.impl.BookBatchProcessor 29/10/2012 10:59PM - MemberBatchProcessor.validateStringArray(..) completed validating these parts: 
X
Some Guy
Wrong
Place
666

ie.cit.patrick.service.impl.BookBatchProcessor 29/10/2012 10:59PM - MemberBatchProcessor.validateStringArray(..) is attempting to validate these parts: 
U
9332
*A

ie.cit.patrick.service.impl.BookBatchProcessor 29/10/2012 10:59PM - MemberBatchProcessor.validateStringArray(..) completed validating these parts: 
U
9332
*A

ie.cit.patrick.service.impl.BookBatchProcessor 29/10/2012 10:59PM - MemberBatchProcessor.processDecider(..) is attempting to process these parts: 
U
9332
*A

ie.cit.patrick.service.impl.BookBatchProcessor 29/10/2012 10:59PM - MemberBatchProcessor.processDecider(..) completed processing these parts: 
U
9332
*A

ie.cit.patrick.service.impl.BookBatchProcessor 29/10/2012 10:59PM - MemberBatchProcessor.validateStringArray(..) is attempting to validate these parts: 
P
543
23.50

ie.cit.patrick.service.impl.BookBatchProcessor 29/10/2012 10:59PM - MemberBatchProcessor.validateStringArray(..) completed validating these parts: 
P
543
23.50

ie.cit.patrick.service.impl.BookBatchProcessor 29/10/2012 10:59PM - MemberBatchProcessor.processDecider(..) is attempting to process these parts: 
P
543
23.50

ie.cit.patrick.service.impl.BookBatchProcessor 29/10/2012 10:59PM - MemberBatchProcessor.processDecider(..) completed processing these parts: 
P
543
23.50

ie.cit.patrick.service.impl.BookBatchProcessor 29/10/2012 10:59PM - MemberBatchProcessor.validateStringArray(..) is attempting to validate these parts: 
U
4684
Steven Robertson
Address
Address

ie.cit.patrick.service.impl.BookBatchProcessor 29/10/2012 10:59PM - MemberBatchProcessor.validateStringArray(..) completed validating these parts: 
U
4684
Steven Robertson
Address
Address

ie.cit.patrick.service.impl.BookBatchProcessor 29/10/2012 10:59PM - MemberBatchProcessor.processDecider(..) is attempting to process these parts: 
U
4684
Steven Robertson
Address
Address

ie.cit.patrick.service.impl.BookBatchProcessor 29/10/2012 10:59PM - MemberBatchProcessor.processDecider(..) completed processing these parts: 
U
4684
Steven Robertson
Address
Address

ie.cit.patrick.service.impl.BookBatchProcessor 29/10/2012 10:59PM - MemberBatchProcessor.validateStringArray(..) is attempting to validate these parts: 
P
3425
1.50

ie.cit.patrick.service.impl.BookBatchProcessor 29/10/2012 10:59PM - MemberBatchProcessor.validateStringArray(..) completed validating these parts: 
P
3425
1.50

ie.cit.patrick.service.impl.BookBatchProcessor 29/10/2012 10:59PM - MemberBatchProcessor.processDecider(..) is attempting to process these parts: 
P
3425
1.50

ie.cit.patrick.service.impl.BookBatchProcessor 29/10/2012 10:59PM - MemberBatchProcessor.processDecider(..) completed processing these parts: 
P
3425
1.50

ie.cit.patrick.service.impl.BookBatchProcessor 29/10/2012 10:59PM - MemberBatchProcessor.validateStringArray(..) is attempting to validate these parts: 
A
Patrick Stewart
Enterprise

Deep Space
0800123456

ie.cit.patrick.service.impl.BookBatchProcessor 29/10/2012 10:59PM - MemberBatchProcessor.validateStringArray(..) completed validating these parts: 
A
Patrick Stewart
Enterprise

Deep Space
0800123456

ie.cit.patrick.service.impl.BookBatchProcessor 29/10/2012 10:59PM - MemberBatchProcessor.processDecider(..) is attempting to process these parts: 
A
Patrick Stewart
Enterprise

Deep Space
0800123456

ie.cit.patrick.service.impl.BookBatchProcessor 29/10/2012 10:59PM - MemberBatchProcessor.processDecider(..) completed processing these parts: 
A
Patrick Stewart
Enterprise

Deep Space
0800123456

ie.cit.patrick.service.impl.BookBatchProcessor 29/10/2012 10:59PM - MemberBatchProcessor.validateStringArray(..) is attempting to validate these parts: 
P
830
10.50

ie.cit.patrick.service.impl.BookBatchProcessor 29/10/2012 10:59PM - MemberBatchProcessor.validateStringArray(..) completed validating these parts: 
P
830
10.50

ie.cit.patrick.service.impl.BookBatchProcessor 29/10/2012 10:59PM - MemberBatchProcessor.processLines(..) completed processing this line: [A~Bob Hope~50 Rodeo Drive~~Limerick~0871234567, A~Chris Stephenson~New House~Stephen Street~Boyle~0331234567, A~Vera Saunders~24A~Elysian~Cork~0211234667, A~Steven Saunders~24A~Elysian~Cork~0211234667, A~Logan Robertson~Hjaltland~Pullerick~Cork~0211234667, U~3425~Janet Leigh~22 Boreenmana Road~Ballinlough~Cork~0214444333, U~232~*I, X~Some Guy~Wrong~Place~666, U~9332~*A, P~543~23.50, U~4684~Steven Robertson~Address~Address, P~3425~1.50, A~Patrick Stewart~Enterprise~~Deep Space~0800123456, P~830~10.50]
ie.cit.patrick.service.impl.BookBatchProcessor 29/10/2012 10:59PM - BookBatchProcessor.validateStringArray(..) is attempting to validate these parts: 
A
Wuthering Heights
Emily Bronte
Wordsworth Editions Ltd
1992-05-01
1853260010

ie.cit.patrick.service.impl.BookBatchProcessor 29/10/2012 10:59PM - BookBatchProcessor.validateStringArray(..) completed validating these parts: 
A
Wuthering Heights
Emily Bronte
Wordsworth Editions Ltd
1992-05-01
1853260010

ie.cit.patrick.service.impl.BookBatchProcessor 29/10/2012 10:59PM - BookBatchProcessor.validateStringArray(..) is attempting to validate these parts: 
U
1236
*U

ie.cit.patrick.service.impl.BookBatchProcessor 29/10/2012 10:59PM - BookBatchProcessor.validateStringArray(..) completed validating these parts: 
U
1236
*U

ie.cit.patrick.service.impl.BookBatchProcessor 29/10/2012 10:59PM - BookBatchProcessor.validateStringArray(..) is attempting to validate these parts: 
A
Wuthering Heights
Emily Bronte
05-01
1853260010

ie.cit.patrick.service.impl.BookBatchProcessor 29/10/2012 10:59PM - BookBatchProcessor.validateStringArray(..) completed validating these parts: 
A
Wuthering Heights
Emily Bronte
05-01
1853260010

ie.cit.patrick.service.impl.BookBatchProcessor 29/10/2012 10:59PM - BookBatchProcessor.validateStringArray(..) is attempting to validate these parts: 
X
Wuthering Heights
Emily Bronte
Wordsworth Editions Ltd
1992-05-01
1853260010

ie.cit.patrick.service.impl.BookBatchProcessor 29/10/2012 10:59PM - BookBatchProcessor.validateStringArray(..) completed validating these parts: 
X
Wuthering Heights
Emily Bronte
Wordsworth Editions Ltd
1992-05-01
1853260010

ie.cit.patrick.service.impl.BookBatchProcessor 29/10/2012 10:59PM - BookBatchProcessor.validateStringArray(..) is attempting to validate these parts: 
A
Wuthering Heights
Emily Bronte
1992-05-01
1853260010

ie.cit.patrick.service.impl.BookBatchProcessor 29/10/2012 10:59PM - BookBatchProcessor.validateStringArray(..) completed validating these parts: 
A
Wuthering Heights
Emily Bronte
1992-05-01
1853260010

ie.cit.patrick.service.impl.BookBatchProcessor 29/10/2012 10:59PM - BookBatchProcessor.validateStringArray(..) is attempting to validate these parts: 
X
Wuthering Heights
Emily Bronte
Wordsworth Editions Ltd
19920501
1853260010

ie.cit.patrick.service.impl.BookBatchProcessor 29/10/2012 10:59PM - BookBatchProcessor.validateStringArray(..) completed validating these parts: 
X
Wuthering Heights
Emily Bronte
Wordsworth Editions Ltd
19920501
1853260010

ie.cit.patrick.service.impl.BookBatchProcessor 29/10/2012 10:59PM - BookBatchProcessor.validateStringArray(..) is attempting to validate these parts: 
X
Word
Wuthering Heights
Emily Bronte
Wordsworth Editions Ltd
19920501
1853260010

ie.cit.patrick.service.impl.BookBatchProcessor 29/10/2012 10:59PM - BookBatchProcessor.validateStringArray(..) completed validating these parts: 
X
Word
Wuthering Heights
Emily Bronte
Wordsworth Editions Ltd
19920501
1853260010

ie.cit.patrick.service.impl.BookBatchProcessor 29/10/2012 10:59PM - BookBatchProcessor.validateStringArray(..) is attempting to validate these parts: 
U
Test
*A

ie.cit.patrick.service.impl.BookBatchProcessor 29/10/2012 10:59PM - BookBatchProcessor.validateStringArray(..) completed validating these parts: 
U
Test
*A

ie.cit.patrick.service.impl.BookBatchProcessor 29/10/2012 10:59PM - BookBatchProcessor.processLines(..) is attempting to process this line: [A~Wuthering Heights~Emily Bronte~Wordsworth Editions Ltd~1992-05-01~1853260010, A~Python Programming for the Absolute Beginner~Mike Dawson~Course Technology PTR~2010-01-30~1435455002, U~1236~*U, A~Digital Marketing Strategy Implementation and Practice~Dave Chaffey~Pearson~2012-07-12~0273746103, A~Dancing at Lughnasa~A N Other~Faber and Faber, A~~Best Story ever~A N Other~publisher.com~2012-07-12~0571144799, U~4454~Dancing at Lughnasa~Brian Friel~Faber and Faber~1990-05-21~0571144799, A~An Error Book~Emily Bronte~Wordsworth Editions Ltd~1992-1~1853260010, U~1236~*U, U~3421~*A, X~Wuthering Heights~Emily Bronte~Wordsworth Editions Ltd~1992-05-01~1853260010]
ie.cit.patrick.service.impl.BookBatchProcessor 29/10/2012 10:59PM - BookBatchProcessor.validateStringArray(..) is attempting to validate these parts: 
A
Wuthering Heights
Emily Bronte
Wordsworth Editions Ltd
1992-05-01
1853260010

ie.cit.patrick.service.impl.BookBatchProcessor 29/10/2012 10:59PM - BookBatchProcessor.validateStringArray(..) completed validating these parts: 
A
Wuthering Heights
Emily Bronte
Wordsworth Editions Ltd
1992-05-01
1853260010

ie.cit.patrick.service.impl.BookBatchProcessor 29/10/2012 10:59PM - BookBatchProcessor.processDecider(..) is attempting to process these parts: 
A
Wuthering Heights
Emily Bronte
Wordsworth Editions Ltd
1992-05-01
1853260010

ie.cit.patrick.service.impl.BookBatchProcessor 29/10/2012 10:59PM - BookBatchProcessor.processDecider(..) completed processing these parts: 
A
Wuthering Heights
Emily Bronte
Wordsworth Editions Ltd
1992-05-01
1853260010

ie.cit.patrick.service.impl.BookBatchProcessor 29/10/2012 10:59PM - BookBatchProcessor.validateStringArray(..) is attempting to validate these parts: 
A
Python Programming for the Absolute Beginner
Mike Dawson
Course Technology PTR
2010-01-30
1435455002

ie.cit.patrick.service.impl.BookBatchProcessor 29/10/2012 10:59PM - BookBatchProcessor.validateStringArray(..) completed validating these parts: 
A
Python Programming for the Absolute Beginner
Mike Dawson
Course Technology PTR
2010-01-30
1435455002

ie.cit.patrick.service.impl.BookBatchProcessor 29/10/2012 10:59PM - BookBatchProcessor.processDecider(..) is attempting to process these parts: 
A
Python Programming for the Absolute Beginner
Mike Dawson
Course Technology PTR
2010-01-30
1435455002

ie.cit.patrick.service.impl.BookBatchProcessor 29/10/2012 10:59PM - BookBatchProcessor.processDecider(..) completed processing these parts: 
A
Python Programming for the Absolute Beginner
Mike Dawson
Course Technology PTR
2010-01-30
1435455002

ie.cit.patrick.service.impl.BookBatchProcessor 29/10/2012 10:59PM - BookBatchProcessor.validateStringArray(..) is attempting to validate these parts: 
U
1236
*U

ie.cit.patrick.service.impl.BookBatchProcessor 29/10/2012 10:59PM - BookBatchProcessor.validateStringArray(..) completed validating these parts: 
U
1236
*U

ie.cit.patrick.service.impl.BookBatchProcessor 29/10/2012 10:59PM - BookBatchProcessor.processDecider(..) is attempting to process these parts: 
U
1236
*U

ie.cit.patrick.service.impl.BookBatchProcessor 29/10/2012 10:59PM - BookBatchProcessor.processDecider(..) completed processing these parts: 
U
1236
*U

ie.cit.patrick.service.impl.BookBatchProcessor 29/10/2012 10:59PM - BookBatchProcessor.validateStringArray(..) is attempting to validate these parts: 
A
Digital Marketing Strategy Implementation and Practice
Dave Chaffey
Pearson
2012-07-12
0273746103

ie.cit.patrick.service.impl.BookBatchProcessor 29/10/2012 10:59PM - BookBatchProcessor.validateStringArray(..) completed validating these parts: 
A
Digital Marketing Strategy Implementation and Practice
Dave Chaffey
Pearson
2012-07-12
0273746103

ie.cit.patrick.service.impl.BookBatchProcessor 29/10/2012 10:59PM - BookBatchProcessor.processDecider(..) is attempting to process these parts: 
A
Digital Marketing Strategy Implementation and Practice
Dave Chaffey
Pearson
2012-07-12
0273746103

ie.cit.patrick.service.impl.BookBatchProcessor 29/10/2012 10:59PM - BookBatchProcessor.processDecider(..) completed processing these parts: 
A
Digital Marketing Strategy Implementation and Practice
Dave Chaffey
Pearson
2012-07-12
0273746103

ie.cit.patrick.service.impl.BookBatchProcessor 29/10/2012 10:59PM - BookBatchProcessor.validateStringArray(..) is attempting to validate these parts: 
A
Dancing at Lughnasa
A N Other
Faber and Faber

ie.cit.patrick.service.impl.BookBatchProcessor 29/10/2012 10:59PM - BookBatchProcessor.validateStringArray(..) completed validating these parts: 
A
Dancing at Lughnasa
A N Other
Faber and Faber

ie.cit.patrick.service.impl.BookBatchProcessor 29/10/2012 10:59PM - BookBatchProcessor.validateStringArray(..) is attempting to validate these parts: 
A

Best Story ever
A N Other
publisher.com
2012-07-12
0571144799

ie.cit.patrick.service.impl.BookBatchProcessor 29/10/2012 10:59PM - BookBatchProcessor.validateStringArray(..) completed validating these parts: 
A

Best Story ever
A N Other
publisher.com
2012-07-12
0571144799

ie.cit.patrick.service.impl.BookBatchProcessor 29/10/2012 10:59PM - BookBatchProcessor.validateStringArray(..) is attempting to validate these parts: 
U
4454
Dancing at Lughnasa
Brian Friel
Faber and Faber
1990-05-21
0571144799

ie.cit.patrick.service.impl.BookBatchProcessor 29/10/2012 10:59PM - BookBatchProcessor.validateStringArray(..) completed validating these parts: 
U
4454
Dancing at Lughnasa
Brian Friel
Faber and Faber
1990-05-21
0571144799

ie.cit.patrick.service.impl.BookBatchProcessor 29/10/2012 10:59PM - BookBatchProcessor.processDecider(..) is attempting to process these parts: 
U
4454
Dancing at Lughnasa
Brian Friel
Faber and Faber
1990-05-21
0571144799

ie.cit.patrick.service.impl.BookBatchProcessor 29/10/2012 10:59PM - BookBatchProcessor.processDecider(..) completed processing these parts: 
U
4454
Dancing at Lughnasa
Brian Friel
Faber and Faber
1990-05-21
0571144799

ie.cit.patrick.service.impl.BookBatchProcessor 29/10/2012 10:59PM - BookBatchProcessor.validateStringArray(..) is attempting to validate these parts: 
A
An Error Book
Emily Bronte
Wordsworth Editions Ltd
1992-1
1853260010

ie.cit.patrick.service.impl.BookBatchProcessor 29/10/2012 10:59PM - BookBatchProcessor.validateStringArray(..) completed validating these parts: 
A
An Error Book
Emily Bronte
Wordsworth Editions Ltd
1992-1
1853260010

ie.cit.patrick.service.impl.BookBatchProcessor 29/10/2012 10:59PM - BookBatchProcessor.validateStringArray(..) is attempting to validate these parts: 
U
1236
*U

ie.cit.patrick.service.impl.BookBatchProcessor 29/10/2012 10:59PM - BookBatchProcessor.validateStringArray(..) completed validating these parts: 
U
1236
*U

ie.cit.patrick.service.impl.BookBatchProcessor 29/10/2012 10:59PM - BookBatchProcessor.processDecider(..) is attempting to process these parts: 
U
1236
*U

ie.cit.patrick.service.impl.BookBatchProcessor 29/10/2012 10:59PM - BookBatchProcessor.processDecider(..) completed processing these parts: 
U
1236
*U

ie.cit.patrick.service.impl.BookBatchProcessor 29/10/2012 10:59PM - BookBatchProcessor.validateStringArray(..) is attempting to validate these parts: 
U
3421
*A

ie.cit.patrick.service.impl.BookBatchProcessor 29/10/2012 10:59PM - BookBatchProcessor.validateStringArray(..) completed validating these parts: 
U
3421
*A

ie.cit.patrick.service.impl.BookBatchProcessor 29/10/2012 10:59PM - BookBatchProcessor.processDecider(..) is attempting to process these parts: 
U
3421
*A

ie.cit.patrick.service.impl.BookBatchProcessor 29/10/2012 10:59PM - BookBatchProcessor.processDecider(..) completed processing these parts: 
U
3421
*A

ie.cit.patrick.service.impl.BookBatchProcessor 29/10/2012 10:59PM - BookBatchProcessor.validateStringArray(..) is attempting to validate these parts: 
X
Wuthering Heights
Emily Bronte
Wordsworth Editions Ltd
1992-05-01
1853260010

ie.cit.patrick.service.impl.BookBatchProcessor 29/10/2012 10:59PM - BookBatchProcessor.validateStringArray(..) completed validating these parts: 
X
Wuthering Heights
Emily Bronte
Wordsworth Editions Ltd
1992-05-01
1853260010

ie.cit.patrick.service.impl.BookBatchProcessor 29/10/2012 10:59PM - BookBatchProcessor.processLines(..) completed processing this line: [A~Wuthering Heights~Emily Bronte~Wordsworth Editions Ltd~1992-05-01~1853260010, A~Python Programming for the Absolute Beginner~Mike Dawson~Course Technology PTR~2010-01-30~1435455002, U~1236~*U, A~Digital Marketing Strategy Implementation and Practice~Dave Chaffey~Pearson~2012-07-12~0273746103, A~Dancing at Lughnasa~A N Other~Faber and Faber, A~~Best Story ever~A N Other~publisher.com~2012-07-12~0571144799, U~4454~Dancing at Lughnasa~Brian Friel~Faber and Faber~1990-05-21~0571144799, A~An Error Book~Emily Bronte~Wordsworth Editions Ltd~1992-1~1853260010, U~1236~*U, U~3421~*A, X~Wuthering Heights~Emily Bronte~Wordsworth Editions Ltd~1992-05-01~1853260010]
