ie.cit.patrick.service.impl.BookBatchProcessor 29/10/2012 11:07PM - MemberBatchProcessor.validateStringArray(..) is attempting to validate these parts: 
A
Bob Hope
50 Rodeo Drive
Limerick
0871234567

ie.cit.patrick.service.impl.BookBatchProcessor 29/10/2012 11:07PM - MemberBatchProcessor.validateStringArray(..) completed validating these parts: 
A
Bob Hope
50 Rodeo Drive
Limerick
0871234567

ie.cit.patrick.service.impl.BookBatchProcessor 29/10/2012 11:07PM - MemberBatchProcessor.validateStringArray(..) is attempting to validate these parts: 
U
232
*I

ie.cit.patrick.service.impl.BookBatchProcessor 29/10/2012 11:07PM - MemberBatchProcessor.validateStringArray(..) completed validating these parts: 
U
232
*I

ie.cit.patrick.service.impl.BookBatchProcessor 29/10/2012 11:07PM - MemberBatchProcessor.validateStringArray(..) is attempting to validate these parts: 
U
9332
*A

ie.cit.patrick.service.impl.BookBatchProcessor 29/10/2012 11:07PM - MemberBatchProcessor.validateStringArray(..) completed validating these parts: 
U
9332
*A

ie.cit.patrick.service.impl.BookBatchProcessor 29/10/2012 11:07PM - MemberBatchProcessor.validateStringArray(..) is attempting to validate these parts: 
P
543
23.50

ie.cit.patrick.service.impl.BookBatchProcessor 29/10/2012 11:07PM - MemberBatchProcessor.validateStringArray(..) completed validating these parts: 
P
543
23.50

ie.cit.patrick.service.impl.BookBatchProcessor 29/10/2012 11:07PM - MemberBatchProcessor.validateStringArray(..) is attempting to validate these parts: 
U
3425
Janet Leigh
22 Boreenmana Road
Ballinlough
Cork
0214444333

ie.cit.patrick.service.impl.BookBatchProcessor 29/10/2012 11:07PM - MemberBatchProcessor.validateStringArray(..) completed validating these parts: 
U
3425
Janet Leigh
22 Boreenmana Road
Ballinlough
Cork
0214444333

ie.cit.patrick.service.impl.BookBatchProcessor 29/10/2012 11:07PM - MemberBatchProcessor.validateStringArray(..) is attempting to validate these parts: 
Bob Hope
50 Rodeo Drive
Limerick
0871234567

ie.cit.patrick.service.impl.BookBatchProcessor 29/10/2012 11:07PM - MemberBatchProcessor.validateStringArray(..) completed validating these parts: 
Bob Hope
50 Rodeo Drive
Limerick
0871234567

ie.cit.patrick.service.impl.BookBatchProcessor 29/10/2012 11:07PM - MemberBatchProcessor.validateStringArray(..) is attempting to validate these parts: 
X
Bob Hope
50 Rodeo Drive
Limerick
0871234567

ie.cit.patrick.service.impl.BookBatchProcessor 29/10/2012 11:07PM - MemberBatchProcessor.validateStringArray(..) completed validating these parts: 
X
Bob Hope
50 Rodeo Drive
Limerick
0871234567

ie.cit.patrick.service.impl.BookBatchProcessor 29/10/2012 11:07PM - MemberBatchProcessor.validateStringArray(..) is attempting to validate these parts: 
P
543
23.50

ie.cit.patrick.service.impl.BookBatchProcessor 29/10/2012 11:07PM - MemberBatchProcessor.validateStringArray(..) completed validating these parts: 
P
543
23.50

ie.cit.patrick.service.impl.BookBatchProcessor 29/10/2012 11:07PM - MemberBatchProcessor.validateStringArray(..) is attempting to validate these parts: 
P
543
sdgsghsf

ie.cit.patrick.service.impl.BookBatchProcessor 29/10/2012 11:07PM - MemberBatchProcessor.validateStringArray(..) completed validating these parts: 
P
543
sdgsghsf

ie.cit.patrick.service.impl.BookBatchProcessor 29/10/2012 11:07PM - MemberBatchProcessor.processLines(..) is attempting to process this line: [A~Bob Hope~50 Rodeo Drive~~Limerick~0871234567, A~Chris Stephenson~New House~Stephen Street~Boyle~0331234567, A~Vera Saunders~24A~Elysian~Cork~0211234667, A~Steven Saunders~24A~Elysian~Cork~0211234667, A~Logan Robertson~Hjaltland~Pullerick~Cork~0211234667, U~3425~Janet Leigh~22 Boreenmana Road~Ballinlough~Cork~0214444333, U~232~*I, X~Some Guy~Wrong~Place~666, U~9332~*A, P~543~23.50, U~4684~Steven Robertson~Address~Address, P~3425~1.50, A~Patrick Stewart~Enterprise~~Deep Space~0800123456, P~830~10.50]
ie.cit.patrick.service.impl.BookBatchProcessor 29/10/2012 11:07PM - MemberBatchProcessor.validateStringArray(..) is attempting to validate these parts: 
A
Bob Hope
50 Rodeo Drive

Limerick
0871234567

ie.cit.patrick.service.impl.BookBatchProcessor 29/10/2012 11:07PM - MemberBatchProcessor.validateStringArray(..) completed validating these parts: 
A
Bob Hope
50 Rodeo Drive

Limerick
0871234567

ie.cit.patrick.service.impl.BookBatchProcessor 29/10/2012 11:07PM - MemberBatchProcessor.processDecider(..) is attempting to process these parts: 
A
Bob Hope
50 Rodeo Drive

Limerick
0871234567

ie.cit.patrick.service.impl.BookBatchProcessor 29/10/2012 11:07PM - MemberBatchProcessor.processDecider(..) completed processing these parts: 
A
Bob Hope
50 Rodeo Drive

Limerick
0871234567

ie.cit.patrick.service.impl.BookBatchProcessor 29/10/2012 11:07PM - MemberBatchProcessor.validateStringArray(..) is attempting to validate these parts: 
A
Chris Stephenson
New House
Stephen Street
Boyle
0331234567

ie.cit.patrick.service.impl.BookBatchProcessor 29/10/2012 11:07PM - MemberBatchProcessor.validateStringArray(..) completed validating these parts: 
A
Chris Stephenson
New House
Stephen Street
Boyle
0331234567

ie.cit.patrick.service.impl.BookBatchProcessor 29/10/2012 11:07PM - MemberBatchProcessor.processDecider(..) is attempting to process these parts: 
A
Chris Stephenson
New House
Stephen Street
Boyle
0331234567

ie.cit.patrick.service.impl.BookBatchProcessor 29/10/2012 11:07PM - MemberBatchProcessor.processDecider(..) completed processing these parts: 
A
Chris Stephenson
New House
Stephen Street
Boyle
0331234567

ie.cit.patrick.service.impl.BookBatchProcessor 29/10/2012 11:07PM - MemberBatchProcessor.validateStringArray(..) is attempting to validate these parts: 
A
Vera Saunders
24A
Elysian
Cork
0211234667

ie.cit.patrick.service.impl.BookBatchProcessor 29/10/2012 11:07PM - MemberBatchProcessor.validateStringArray(..) completed validating these parts: 
A
Vera Saunders
24A
Elysian
Cork
0211234667

ie.cit.patrick.service.impl.BookBatchProcessor 29/10/2012 11:07PM - MemberBatchProcessor.processDecider(..) is attempting to process these parts: 
A
Vera Saunders
24A
Elysian
Cork
0211234667

ie.cit.patrick.service.impl.BookBatchProcessor 29/10/2012 11:07PM - MemberBatchProcessor.processDecider(..) completed processing these parts: 
A
Vera Saunders
24A
Elysian
Cork
0211234667

ie.cit.patrick.service.impl.BookBatchProcessor 29/10/2012 11:07PM - MemberBatchProcessor.validateStringArray(..) is attempting to validate these parts: 
A
Steven Saunders
24A
Elysian
Cork
0211234667

ie.cit.patrick.service.impl.BookBatchProcessor 29/10/2012 11:07PM - MemberBatchProcessor.validateStringArray(..) completed validating these parts: 
A
Steven Saunders
24A
Elysian
Cork
0211234667

ie.cit.patrick.service.impl.BookBatchProcessor 29/10/2012 11:07PM - MemberBatchProcessor.processDecider(..) is attempting to process these parts: 
A
Steven Saunders
24A
Elysian
Cork
0211234667

ie.cit.patrick.service.impl.BookBatchProcessor 29/10/2012 11:07PM - MemberBatchProcessor.processDecider(..) completed processing these parts: 
A
Steven Saunders
24A
Elysian
Cork
0211234667

ie.cit.patrick.service.impl.BookBatchProcessor 29/10/2012 11:07PM - MemberBatchProcessor.validateStringArray(..) is attempting to validate these parts: 
A
Logan Robertson
Hjaltland
Pullerick
Cork
0211234667

ie.cit.patrick.service.impl.BookBatchProcessor 29/10/2012 11:07PM - MemberBatchProcessor.validateStringArray(..) completed validating these parts: 
A
Logan Robertson
Hjaltland
Pullerick
Cork
0211234667

ie.cit.patrick.service.impl.BookBatchProcessor 29/10/2012 11:07PM - MemberBatchProcessor.processDecider(..) is attempting to process these parts: 
A
Logan Robertson
Hjaltland
Pullerick
Cork
0211234667

ie.cit.patrick.service.impl.BookBatchProcessor 29/10/2012 11:07PM - MemberBatchProcessor.processDecider(..) completed processing these parts: 
A
Logan Robertson
Hjaltland
Pullerick
Cork
0211234667

ie.cit.patrick.service.impl.BookBatchProcessor 29/10/2012 11:07PM - MemberBatchProcessor.validateStringArray(..) is attempting to validate these parts: 
U
3425
Janet Leigh
22 Boreenmana Road
Ballinlough
Cork
0214444333

ie.cit.patrick.service.impl.BookBatchProcessor 29/10/2012 11:07PM - MemberBatchProcessor.validateStringArray(..) completed validating these parts: 
U
3425
Janet Leigh
22 Boreenmana Road
Ballinlough
Cork
0214444333

ie.cit.patrick.service.impl.BookBatchProcessor 29/10/2012 11:07PM - MemberBatchProcessor.processDecider(..) is attempting to process these parts: 
U
3425
Janet Leigh
22 Boreenmana Road
Ballinlough
Cork
0214444333

ie.cit.patrick.service.impl.BookBatchProcessor 29/10/2012 11:07PM - MemberBatchProcessor.processDecider(..) completed processing these parts: 
U
3425
Janet Leigh
22 Boreenmana Road
Ballinlough
Cork
0214444333

ie.cit.patrick.service.impl.BookBatchProcessor 29/10/2012 11:07PM - MemberBatchProcessor.validateStringArray(..) is attempting to validate these parts: 
U
232
*I

ie.cit.patrick.service.impl.BookBatchProcessor 29/10/2012 11:07PM - MemberBatchProcessor.validateStringArray(..) completed validating these parts: 
U
232
*I

ie.cit.patrick.service.impl.BookBatchProcessor 29/10/2012 11:07PM - MemberBatchProcessor.processDecider(..) is attempting to process these parts: 
U
232
*I

ie.cit.patrick.service.impl.BookBatchProcessor 29/10/2012 11:07PM - MemberBatchProcessor.processDecider(..) completed processing these parts: 
U
232
*I

ie.cit.patrick.service.impl.BookBatchProcessor 29/10/2012 11:07PM - MemberBatchProcessor.validateStringArray(..) is attempting to validate these parts: 
X
Some Guy
Wrong
Place
666

ie.cit.patrick.service.impl.BookBatchProcessor 29/10/2012 11:07PM - MemberBatchProcessor.validateStringArray(..) completed validating these parts: 
X
Some Guy
Wrong
Place
666

ie.cit.patrick.service.impl.BookBatchProcessor 29/10/2012 11:07PM - MemberBatchProcessor.validateStringArray(..) is attempting to validate these parts: 
U
9332
*A

ie.cit.patrick.service.impl.BookBatchProcessor 29/10/2012 11:07PM - MemberBatchProcessor.validateStringArray(..) completed validating these parts: 
U
9332
*A

ie.cit.patrick.service.impl.BookBatchProcessor 29/10/2012 11:07PM - MemberBatchProcessor.processDecider(..) is attempting to process these parts: 
U
9332
*A

ie.cit.patrick.service.impl.BookBatchProcessor 29/10/2012 11:07PM - MemberBatchProcessor.processDecider(..) completed processing these parts: 
U
9332
*A

ie.cit.patrick.service.impl.BookBatchProcessor 29/10/2012 11:07PM - MemberBatchProcessor.validateStringArray(..) is attempting to validate these parts: 
P
543
23.50

ie.cit.patrick.service.impl.BookBatchProcessor 29/10/2012 11:07PM - MemberBatchProcessor.validateStringArray(..) completed validating these parts: 
P
543
23.50

ie.cit.patrick.service.impl.BookBatchProcessor 29/10/2012 11:07PM - MemberBatchProcessor.processDecider(..) is attempting to process these parts: 
P
543
23.50

ie.cit.patrick.service.impl.BookBatchProcessor 29/10/2012 11:07PM - MemberBatchProcessor.processDecider(..) completed processing these parts: 
P
543
23.50

ie.cit.patrick.service.impl.BookBatchProcessor 29/10/2012 11:07PM - MemberBatchProcessor.validateStringArray(..) is attempting to validate these parts: 
U
4684
Steven Robertson
Address
Address

ie.cit.patrick.service.impl.BookBatchProcessor 29/10/2012 11:07PM - MemberBatchProcessor.validateStringArray(..) completed validating these parts: 
U
4684
Steven Robertson
Address
Address

ie.cit.patrick.service.impl.BookBatchProcessor 29/10/2012 11:07PM - MemberBatchProcessor.processDecider(..) is attempting to process these parts: 
U
4684
Steven Robertson
Address
Address

ie.cit.patrick.service.impl.BookBatchProcessor 29/10/2012 11:07PM - MemberBatchProcessor.processDecider(..) completed processing these parts: 
U
4684
Steven Robertson
Address
Address

ie.cit.patrick.service.impl.BookBatchProcessor 29/10/2012 11:07PM - MemberBatchProcessor.validateStringArray(..) is attempting to validate these parts: 
P
3425
1.50

ie.cit.patrick.service.impl.BookBatchProcessor 29/10/2012 11:07PM - MemberBatchProcessor.validateStringArray(..) completed validating these parts: 
P
3425
1.50

ie.cit.patrick.service.impl.BookBatchProcessor 29/10/2012 11:07PM - MemberBatchProcessor.processDecider(..) is attempting to process these parts: 
P
3425
1.50

ie.cit.patrick.service.impl.BookBatchProcessor 29/10/2012 11:07PM - MemberBatchProcessor.processDecider(..) completed processing these parts: 
P
3425
1.50

ie.cit.patrick.service.impl.BookBatchProcessor 29/10/2012 11:07PM - MemberBatchProcessor.validateStringArray(..) is attempting to validate these parts: 
A
Patrick Stewart
Enterprise

Deep Space
0800123456

ie.cit.patrick.service.impl.BookBatchProcessor 29/10/2012 11:07PM - MemberBatchProcessor.validateStringArray(..) completed validating these parts: 
A
Patrick Stewart
Enterprise

Deep Space
0800123456

ie.cit.patrick.service.impl.BookBatchProcessor 29/10/2012 11:07PM - MemberBatchProcessor.processDecider(..) is attempting to process these parts: 
A
Patrick Stewart
Enterprise

Deep Space
0800123456

ie.cit.patrick.service.impl.BookBatchProcessor 29/10/2012 11:07PM - MemberBatchProcessor.processDecider(..) completed processing these parts: 
A
Patrick Stewart
Enterprise

Deep Space
0800123456

ie.cit.patrick.service.impl.BookBatchProcessor 29/10/2012 11:07PM - MemberBatchProcessor.validateStringArray(..) is attempting to validate these parts: 
P
830
10.50

ie.cit.patrick.service.impl.BookBatchProcessor 29/10/2012 11:07PM - MemberBatchProcessor.validateStringArray(..) completed validating these parts: 
P
830
10.50

ie.cit.patrick.service.impl.BookBatchProcessor 29/10/2012 11:07PM - MemberBatchProcessor.processLines(..) completed processing this line: [A~Bob Hope~50 Rodeo Drive~~Limerick~0871234567, A~Chris Stephenson~New House~Stephen Street~Boyle~0331234567, A~Vera Saunders~24A~Elysian~Cork~0211234667, A~Steven Saunders~24A~Elysian~Cork~0211234667, A~Logan Robertson~Hjaltland~Pullerick~Cork~0211234667, U~3425~Janet Leigh~22 Boreenmana Road~Ballinlough~Cork~0214444333, U~232~*I, X~Some Guy~Wrong~Place~666, U~9332~*A, P~543~23.50, U~4684~Steven Robertson~Address~Address, P~3425~1.50, A~Patrick Stewart~Enterprise~~Deep Space~0800123456, P~830~10.50]
