ie.cit.patrick.dao.BookDao 29/10/2012 05:56PM - JdbcBookDao.addBook(..) is attempting to add new Book: Wuthering Heights to database
ie.cit.patrick.dao.BookDao 29/10/2012 05:56PM - JdbcBookDao.addBook(..) successfully added Book: Wuthering Heights to the database

ie.cit.patrick.dao.BookDao 29/10/2012 05:56PM - JdbcBookDao.addBook(..) is attempting to add new Book: Python Programming for the Absolute Beginner to database
ie.cit.patrick.dao.BookDao 29/10/2012 05:56PM - JdbcBookDao.addBook(..) successfully added Book: Python Programming for the Absolute Beginner to the database

ie.cit.patrick.dao.BookDao 29/10/2012 05:56PM - JdbcBookDao.addBook(..) is attempting to add new Book: Digital Marketing Strategy Implementation and Practice to database
ie.cit.patrick.dao.BookDao 29/10/2012 05:56PM - JdbcBookDao.addBook(..) successfully added Book: Digital Marketing Strategy Implementation and Practice to the database

ie.cit.patrick.dao.BookDao 29/10/2012 05:56PM - JdbcBookDao.addBook(..) is attempting to add new Book: How to Design Websites (Portfolio Skills) to database
ie.cit.patrick.dao.BookDao 29/10/2012 05:56PM - JdbcBookDao.addBook(..) successfully added Book: How to Design Websites (Portfolio Skills) to the database

ie.cit.patrick.dao.BookDao 29/10/2012 05:56PM - JdbcBookDao.addBook(..) is attempting to add new Book: The Small Hand to database
ie.cit.patrick.dao.BookDao 29/10/2012 05:56PM - JdbcBookDao.addBook(..) successfully added Book: The Small Hand to the database

ie.cit.patrick.dao.BookDao 29/10/2012 05:56PM - JdbcBookDao.addBook(..) is attempting to add new Book: Foucault's Pendulum to database
ie.cit.patrick.dao.BookDao 29/10/2012 05:56PM - JdbcBookDao.addBook(..) successfully added Book: Foucault's Pendulum to the database

ie.cit.patrick.dao.BookDao 29/10/2012 05:56PM - JdbcBookDao.addBook(..) is attempting to add new Book: The periodic Table to database
ie.cit.patrick.dao.BookDao 29/10/2012 05:56PM - JdbcBookDao.addBook(..) successfully added Book: The periodic Table to the database

ie.cit.patrick.dao.BookDao 29/10/2012 05:56PM - JdbcBookDao.addBook(..) is attempting to add new Book: Invisible Cities to database
ie.cit.patrick.dao.BookDao 29/10/2012 05:56PM - JdbcBookDao.addBook(..) successfully added Book: Invisible Cities to the database

ie.cit.patrick.dao.BookDao 29/10/2012 05:56PM - JdbcBookDao.addBook(..) is attempting to add new Book: Wuthering Heights to database
ie.cit.patrick.dao.BookDao 29/10/2012 05:56PM - JdbcBookDao.addBook(..) successfully added Book: Wuthering Heights to the database

ie.cit.patrick.dao.BookDao 29/10/2012 05:56PM - JdbcBookDao.addBook(..) is attempting to add new Book: Python Programming for the Absolute Beginner to database
ie.cit.patrick.dao.BookDao 29/10/2012 05:56PM - JdbcBookDao.addBook(..) successfully added Book: Python Programming for the Absolute Beginner to the database

ie.cit.patrick.dao.BookDao 29/10/2012 05:56PM - JdbcBookDao.addBook(..) is attempting to add new Book: Digital Marketing Strategy Implementation and Practice to database
ie.cit.patrick.dao.BookDao 29/10/2012 05:56PM - JdbcBookDao.addBook(..) successfully added Book: Digital Marketing Strategy Implementation and Practice to the database

ie.cit.patrick.dao.BookDao 29/10/2012 05:56PM - JdbcBookDao.updateBook(..) is attempting to update Book: Dancing at Lughnasa in database
ie.cit.patrick.dao.BookDao 29/10/2012 05:56PM - JdbcBookDao.updateBook(..) successfully updated Book: Dancing at Lughnasa in database

ie.cit.patrick.dao.BookDao 29/10/2012 05:56PM - JdbcBookDao.addBook(..) is attempting to add new Book: Wuthering Heights to database
ie.cit.patrick.dao.BookDao 29/10/2012 05:56PM - JdbcBookDao.addBook(..) successfully added Book: Wuthering Heights to the database

ie.cit.patrick.dao.BookDao 29/10/2012 05:56PM - JdbcBookDao.addBook(..) is attempting to add new Book: Python Programming for the Absolute Beginner to database
ie.cit.patrick.dao.BookDao 29/10/2012 05:56PM - JdbcBookDao.addBook(..) successfully added Book: Python Programming for the Absolute Beginner to the database

ie.cit.patrick.dao.BookDao 29/10/2012 05:56PM - JdbcBookDao.addBook(..) is attempting to add new Book: Digital Marketing Strategy Implementation and Practice to database
ie.cit.patrick.dao.BookDao 29/10/2012 05:56PM - JdbcBookDao.addBook(..) successfully added Book: Digital Marketing Strategy Implementation and Practice to the database

ie.cit.patrick.dao.BookDao 29/10/2012 05:56PM - JdbcBookDao.addBook(..) is attempting to add new Book: How to Design Websites (Portfolio Skills) to database
ie.cit.patrick.dao.BookDao 29/10/2012 05:56PM - JdbcBookDao.addBook(..) successfully added Book: How to Design Websites (Portfolio Skills) to the database

ie.cit.patrick.dao.BookDao 29/10/2012 05:56PM - JdbcBookDao.addBook(..) is attempting to add new Book: The Small Hand to database
ie.cit.patrick.dao.BookDao 29/10/2012 05:56PM - JdbcBookDao.addBook(..) successfully added Book: The Small Hand to the database

ie.cit.patrick.dao.BookDao 29/10/2012 05:56PM - JdbcBookDao.addBook(..) is attempting to add new Book: Foucault's Pendulum to database
ie.cit.patrick.dao.BookDao 29/10/2012 05:56PM - JdbcBookDao.addBook(..) successfully added Book: Foucault's Pendulum to the database

ie.cit.patrick.dao.BookDao 29/10/2012 05:56PM - JdbcBookDao.addBook(..) is attempting to add new Book: The periodic Table to database
ie.cit.patrick.dao.BookDao 29/10/2012 05:56PM - JdbcBookDao.addBook(..) successfully added Book: The periodic Table to the database

ie.cit.patrick.dao.BookDao 29/10/2012 05:56PM - JdbcBookDao.addBook(..) is attempting to add new Book: Invisible Cities to database
ie.cit.patrick.dao.BookDao 29/10/2012 05:56PM - JdbcBookDao.addBook(..) successfully added Book: Invisible Cities to the database

