ie.cit.patrick.dao.BookDao 29/10/2012 07:32PM - JdbcBookDao.addBook(..) is attempting to add new Book: Wuthering Heights to database
ie.cit.patrick.dao.BookDao 29/10/2012 07:32PM - JdbcBookDao.addBook(..) successfully added Book: Wuthering Heights to the database

ie.cit.patrick.dao.BookDao 29/10/2012 07:32PM - JdbcBookDao.addBook(..) is attempting to add new Book: Python Programming for the Absolute Beginner to database
ie.cit.patrick.dao.BookDao 29/10/2012 07:32PM - JdbcBookDao.addBook(..) successfully added Book: Python Programming for the Absolute Beginner to the database

ie.cit.patrick.dao.BookDao 29/10/2012 07:32PM - JdbcBookDao.addBook(..) is attempting to add new Book: Digital Marketing Strategy Implementation and Practice to database
ie.cit.patrick.dao.BookDao 29/10/2012 07:32PM - JdbcBookDao.addBook(..) successfully added Book: Digital Marketing Strategy Implementation and Practice to the database

ie.cit.patrick.dao.BookDao 29/10/2012 07:32PM - JdbcBookDao.addBook(..) is attempting to add new Book: HTML & CSS: Design and Build Web Sites to database
ie.cit.patrick.dao.BookDao 29/10/2012 07:32PM - JdbcBookDao.addBook(..) successfully added Book: HTML & CSS: Design and Build Web Sites to the database

ie.cit.patrick.dao.BookDao 29/10/2012 07:32PM - JdbcBookDao.addBook(..) is attempting to add new Book: How to Design Websites (Portfolio Skills) to database
ie.cit.patrick.dao.BookDao 29/10/2012 07:32PM - JdbcBookDao.addBook(..) successfully added Book: How to Design Websites (Portfolio Skills) to the database

ie.cit.patrick.dao.BookDao 29/10/2012 07:32PM - JdbcBookDao.addBook(..) is attempting to add new Book: Pride and Prejudice and Zombies to database
ie.cit.patrick.dao.BookDao 29/10/2012 07:32PM - JdbcBookDao.addBook(..) successfully added Book: Pride and Prejudice and Zombies to the database

ie.cit.patrick.dao.BookDao 29/10/2012 07:32PM - JdbcBookDao.addBook(..) is attempting to add new Book: The Small Hand to database
ie.cit.patrick.dao.BookDao 29/10/2012 07:32PM - JdbcBookDao.addBook(..) successfully added Book: The Small Hand to the database

ie.cit.patrick.dao.BookDao 29/10/2012 07:32PM - JdbcBookDao.addBook(..) is attempting to add new Book: Foucault's Pendulum to database
ie.cit.patrick.dao.BookDao 29/10/2012 07:32PM - JdbcBookDao.addBook(..) successfully added Book: Foucault's Pendulum to the database

ie.cit.patrick.dao.BookDao 29/10/2012 07:32PM - JdbcBookDao.addBook(..) is attempting to add new Book: The Periodic Table to database
ie.cit.patrick.dao.BookDao 29/10/2012 07:32PM - JdbcBookDao.addBook(..) successfully added Book: The Periodic Table to the database

ie.cit.patrick.dao.BookDao 29/10/2012 07:32PM - JdbcBookDao.addBook(..) is attempting to add new Book: Invisible Cities to database
ie.cit.patrick.dao.BookDao 29/10/2012 07:32PM - JdbcBookDao.addBook(..) successfully added Book: Invisible Cities to the database

ie.cit.patrick.dao.BookDao 29/10/2012 07:32PM - JdbcBookDao.addBook(..) is attempting to add new Book: Wuthering Heights to database
ie.cit.patrick.dao.BookDao 29/10/2012 07:32PM - JdbcBookDao.addBook(..) successfully added Book: Wuthering Heights to the database

ie.cit.patrick.dao.BookDao 29/10/2012 07:32PM - JdbcBookDao.addBook(..) is attempting to add new Book: Python Programming for the Absolute Beginner to database
ie.cit.patrick.dao.BookDao 29/10/2012 07:32PM - JdbcBookDao.addBook(..) successfully added Book: Python Programming for the Absolute Beginner to the database

ie.cit.patrick.dao.BookDao 29/10/2012 07:32PM - JdbcBookDao.addBook(..) is attempting to add new Book: Digital Marketing Strategy Implementation and Practice to database
ie.cit.patrick.dao.BookDao 29/10/2012 07:32PM - JdbcBookDao.addBook(..) successfully added Book: Digital Marketing Strategy Implementation and Practice to the database

ie.cit.patrick.dao.BookDao 29/10/2012 07:32PM - JdbcBookDao.addBook(..) is attempting to add new Book: HTML & CSS: Design and Build Web Sites to database
ie.cit.patrick.dao.BookDao 29/10/2012 07:32PM - JdbcBookDao.addBook(..) successfully added Book: HTML & CSS: Design and Build Web Sites to the database

ie.cit.patrick.dao.BookDao 29/10/2012 07:32PM - JdbcBookDao.addBook(..) is attempting to add new Book: How to Design Websites (Portfolio Skills) to database
ie.cit.patrick.dao.BookDao 29/10/2012 07:32PM - JdbcBookDao.addBook(..) successfully added Book: How to Design Websites (Portfolio Skills) to the database

ie.cit.patrick.dao.BookDao 29/10/2012 07:32PM - JdbcBookDao.addBook(..) is attempting to add new Book: Pride and Prejudice and Zombies to database
ie.cit.patrick.dao.BookDao 29/10/2012 07:32PM - JdbcBookDao.addBook(..) successfully added Book: Pride and Prejudice and Zombies to the database

ie.cit.patrick.dao.BookDao 29/10/2012 07:32PM - JdbcBookDao.addBook(..) is attempting to add new Book: The Small Hand to database
ie.cit.patrick.dao.BookDao 29/10/2012 07:32PM - JdbcBookDao.addBook(..) successfully added Book: The Small Hand to the database

ie.cit.patrick.dao.BookDao 29/10/2012 07:32PM - JdbcBookDao.addBook(..) is attempting to add new Book: Foucault's Pendulum to database
ie.cit.patrick.dao.BookDao 29/10/2012 07:32PM - JdbcBookDao.addBook(..) successfully added Book: Foucault's Pendulum to the database

ie.cit.patrick.dao.BookDao 29/10/2012 07:32PM - JdbcBookDao.addBook(..) is attempting to add new Book: The Periodic Table to database
ie.cit.patrick.dao.BookDao 29/10/2012 07:32PM - JdbcBookDao.addBook(..) successfully added Book: The Periodic Table to the database

ie.cit.patrick.dao.BookDao 29/10/2012 07:32PM - JdbcBookDao.addBook(..) is attempting to add new Book: Invisible Cities to database
ie.cit.patrick.dao.BookDao 29/10/2012 07:32PM - JdbcBookDao.addBook(..) successfully added Book: Invisible Cities to the database

