ie.cit.patrick.dao.MemberDao 30/10/2012 03:39AM - JdbcMemberDao.addMember(..)is attempting to add new Member: Bob Hope to database
ie.cit.patrick.dao.MemberDao 30/10/2012 03:39AM - JdbcMemberDao.addMember(..) successfully added Member: Bob Hope to the database

ie.cit.patrick.dao.MemberDao 30/10/2012 03:39AM - JdbcMemberDao.addMember(..)is attempting to add new Member: Chris Stephenson to database
ie.cit.patrick.dao.MemberDao 30/10/2012 03:39AM - JdbcMemberDao.addMember(..) successfully added Member: Chris Stephenson to the database

ie.cit.patrick.dao.MemberDao 30/10/2012 03:39AM - JdbcMemberDao.addMember(..)is attempting to add new Member: Vera Saunders to database
ie.cit.patrick.dao.MemberDao 30/10/2012 03:39AM - JdbcMemberDao.addMember(..) successfully added Member: Vera Saunders to the database

ie.cit.patrick.dao.MemberDao 30/10/2012 03:39AM - JdbcMemberDao.addMember(..)is attempting to add new Member: Steven Saunders to database
ie.cit.patrick.dao.MemberDao 30/10/2012 03:39AM - JdbcMemberDao.addMember(..) successfully added Member: Steven Saunders to the database

ie.cit.patrick.dao.MemberDao 30/10/2012 03:39AM - JdbcMemberDao.addMember(..)is attempting to add new Member: Logan Robertson to database
ie.cit.patrick.dao.MemberDao 30/10/2012 03:39AM - JdbcMemberDao.addMember(..) successfully added Member: Logan Robertson to the database

ie.cit.patrick.dao.MemberDao 30/10/2012 03:39AM - JdbcMemberDao.addMember(..)is attempting to add new Member: Betty Simpson to database
ie.cit.patrick.dao.MemberDao 30/10/2012 03:39AM - JdbcMemberDao.addMember(..) successfully added Member: Betty Simpson to the database

ie.cit.patrick.dao.MemberDao 30/10/2012 03:39AM - JdbcMemberDao.addMember(..)is attempting to add new Member: Ralf Wigan to database
ie.cit.patrick.dao.MemberDao 30/10/2012 03:39AM - JdbcMemberDao.addMember(..) successfully added Member: Ralf Wigan to the database

ie.cit.patrick.dao.MemberDao 30/10/2012 03:39AM - JdbcMemberDao.addMember(..)is attempting to add new Member: Patrick Robertson to database
ie.cit.patrick.dao.MemberDao 30/10/2012 03:39AM - JdbcMemberDao.addMember(..) successfully added Member: Patrick Robertson to the database

ie.cit.patrick.dao.MemberDao 30/10/2012 03:39AM - JdbcMemberDao.addMember(..)is attempting to add new Member: Maggie Roberton to database
ie.cit.patrick.dao.MemberDao 30/10/2012 03:39AM - JdbcMemberDao.addMember(..) successfully added Member: Maggie Roberton to the database

ie.cit.patrick.dao.MemberDao 30/10/2012 03:39AM - JdbcMemberDao.addMember(..)is attempting to add new Member: Liz Giesbers to database
ie.cit.patrick.dao.MemberDao 30/10/2012 03:39AM - JdbcMemberDao.addMember(..) successfully added Member: Liz Giesbers to the database

ie.cit.patrick.dao.MemberDao 30/10/2012 03:39AM - JdbcMemberDao.updateMember(..) is attempting to update Member: Steven Robertson in database
ie.cit.patrick.dao.MemberDao 30/10/2012 03:39AM - JdbcMemberDao.updateMember(..) successfully updated Member: Steven Robertson in database

ie.cit.patrick.dao.MemberDao 30/10/2012 03:39AM - JdbcMemberDao.addMember(..)is attempting to add new Member: Patrick Stewart to database
ie.cit.patrick.dao.MemberDao 30/10/2012 03:39AM - JdbcMemberDao.addMember(..) successfully added Member: Patrick Stewart to the database

