ie.cit.patrick.dao.MemberDao 30/10/2012 03:53AM - JdbcMemberDao.addMember(..)is attempting to add new Member: Patrick Robertson to database
ie.cit.patrick.dao.MemberDao 30/10/2012 03:53AM - JdbcMemberDao.addMember(..) successfully added Member: Patrick Robertson to the database

ie.cit.patrick.dao.MemberDao 30/10/2012 03:53AM - JdbcMemberDao.deleteMember(..) attempting to delete Member with Id: 9333 from database
ie.cit.patrick.dao.MemberDao 30/10/2012 03:53AM - JdbcMemberDao.deleteMember(..) successfully deleted Member: 9333 from database

ie.cit.patrick.dao.MemberDao 30/10/2012 03:53AM - JdbcMemberDao.addMember(..)is attempting to add new Member: Patrick Robertson to database
ie.cit.patrick.dao.MemberDao 30/10/2012 03:53AM - JdbcMemberDao.addMember(..) successfully added Member: Patrick Robertson to the database

ie.cit.patrick.dao.MemberDao 30/10/2012 03:53AM - JdbcMemberDao.updateMember(..) is attempting to update Member: Patrick Robertson in database
ie.cit.patrick.dao.MemberDao 30/10/2012 03:53AM - JdbcMemberDao.updateMember(..) successfully updated Member: Patrick Robertson in database

ie.cit.patrick.dao.MemberDao 30/10/2012 03:53AM - JdbcMemberDao.deleteMember(..) attempting to delete Member with Id: 9334 from database
ie.cit.patrick.dao.MemberDao 30/10/2012 03:53AM - JdbcMemberDao.deleteMember(..) successfully deleted Member: 9334 from database

ie.cit.patrick.dao.MemberDao 30/10/2012 03:53AM - JdbcMemberDao.updateMember(..) is attempting to update Member: Steven Saunders in database
ie.cit.patrick.dao.MemberDao 30/10/2012 03:53AM - JdbcMemberDao.updateMember(..) successfully updated Member: Steven Saunders in database

ie.cit.patrick.dao.MemberDao 30/10/2012 03:53AM - JdbcMemberDao.updateMember(..) is attempting to update Member: Steven Saunders in database
ie.cit.patrick.dao.MemberDao 30/10/2012 03:53AM - JdbcMemberDao.updateMember(..) successfully updated Member: Steven Saunders in database

ie.cit.patrick.dao.MemberDao 30/10/2012 03:53AM - JdbcMemberDao.updateMember(..) is attempting to update Member: Steven Saunders in database
ie.cit.patrick.dao.MemberDao 30/10/2012 03:53AM - JdbcMemberDao.updateMember(..) successfully updated Member: Steven Saunders in database

ie.cit.patrick.dao.MemberDao 30/10/2012 03:53AM - JdbcMemberDao.updateMember(..) is attempting to update Member: Bertie Ahern in database
ie.cit.patrick.dao.MemberDao 30/10/2012 03:53AM - JdbcMemberDao.updateMember(..) successfully updated Member: Bertie Ahern in database

ie.cit.patrick.dao.MemberDao 30/10/2012 03:53AM - JdbcMemberDao.updateMember(..) is attempting to update Member: Bertie Ahern in database
ie.cit.patrick.dao.MemberDao 30/10/2012 03:53AM - JdbcMemberDao.updateMember(..) successfully updated Member: Bertie Ahern in database

ie.cit.patrick.dao.MemberDao 30/10/2012 03:53AM - JdbcMemberDao.addMember(..)is attempting to add new Member: Bob Hope to database
ie.cit.patrick.dao.MemberDao 30/10/2012 03:53AM - JdbcMemberDao.addMember(..) successfully added Member: Bob Hope to the database

ie.cit.patrick.dao.MemberDao 30/10/2012 03:53AM - JdbcMemberDao.addMember(..)is attempting to add new Member: Chris Stephenson to database
ie.cit.patrick.dao.MemberDao 30/10/2012 03:53AM - JdbcMemberDao.addMember(..) successfully added Member: Chris Stephenson to the database

ie.cit.patrick.dao.MemberDao 30/10/2012 03:53AM - JdbcMemberDao.addMember(..)is attempting to add new Member: Vera Saunders to database
ie.cit.patrick.dao.MemberDao 30/10/2012 03:53AM - JdbcMemberDao.addMember(..) successfully added Member: Vera Saunders to the database

ie.cit.patrick.dao.MemberDao 30/10/2012 03:53AM - JdbcMemberDao.addMember(..)is attempting to add new Member: Steven Saunders to database
ie.cit.patrick.dao.MemberDao 30/10/2012 03:53AM - JdbcMemberDao.addMember(..) successfully added Member: Steven Saunders to the database

ie.cit.patrick.dao.MemberDao 30/10/2012 03:53AM - JdbcMemberDao.addMember(..)is attempting to add new Member: Logan Robertson to database
ie.cit.patrick.dao.MemberDao 30/10/2012 03:53AM - JdbcMemberDao.addMember(..) successfully added Member: Logan Robertson to the database

ie.cit.patrick.dao.MemberDao 30/10/2012 03:53AM - JdbcMemberDao.updateMember(..) is attempting to update Member: Janet Leigh in database
ie.cit.patrick.dao.MemberDao 30/10/2012 03:53AM - JdbcMemberDao.updateMember(..) successfully updated Member: Janet Leigh in database

ie.cit.patrick.dao.MemberDao 30/10/2012 03:53AM - JdbcMemberDao.updateMember(..) is attempting to update Member: Stuart Little in database
ie.cit.patrick.dao.MemberDao 30/10/2012 03:53AM - JdbcMemberDao.updateMember(..) successfully updated Member: Stuart Little in database

ie.cit.patrick.dao.MemberDao 30/10/2012 03:53AM - JdbcMemberDao.updateMember(..) is attempting to update Member: Steven Saunders in database
ie.cit.patrick.dao.MemberDao 30/10/2012 03:53AM - JdbcMemberDao.updateMember(..) successfully updated Member: Steven Saunders in database

ie.cit.patrick.dao.MemberDao 30/10/2012 03:53AM - JdbcMemberDao.updateMember(..) is attempting to update Member: Logan Robertson in database
ie.cit.patrick.dao.MemberDao 30/10/2012 03:53AM - JdbcMemberDao.updateMember(..) successfully updated Member: Logan Robertson in database

ie.cit.patrick.dao.MemberDao 30/10/2012 03:53AM - JdbcMemberDao.updateMember(..) is attempting to update Member: Janet Leigh in database
ie.cit.patrick.dao.MemberDao 30/10/2012 03:53AM - JdbcMemberDao.updateMember(..) successfully updated Member: Janet Leigh in database

ie.cit.patrick.dao.MemberDao 30/10/2012 03:53AM - JdbcMemberDao.addMember(..)is attempting to add new Member: Patrick Stewart to database
ie.cit.patrick.dao.MemberDao 30/10/2012 03:53AM - JdbcMemberDao.addMember(..) successfully added Member: Patrick Stewart to the database

