ie.cit.patrick.dao.MemberDao 30/10/2012 03:34AM - Attempting to add new Member: Bob Hope to database
ie.cit.patrick.dao.MemberDao 30/10/2012 03:34AM - Member: Bob Hope successfully added to the database

ie.cit.patrick.dao.MemberDao 30/10/2012 03:34AM - Attempting to add new Member: Chris Stephenson to database
ie.cit.patrick.dao.MemberDao 30/10/2012 03:34AM - Member: Chris Stephenson successfully added to the database

ie.cit.patrick.dao.MemberDao 30/10/2012 03:34AM - Attempting to add new Member: Vera Saunders to database
ie.cit.patrick.dao.MemberDao 30/10/2012 03:34AM - Member: Vera Saunders successfully added to the database

ie.cit.patrick.dao.MemberDao 30/10/2012 03:34AM - Attempting to add new Member: Steven Saunders to database
ie.cit.patrick.dao.MemberDao 30/10/2012 03:34AM - Member: Steven Saunders successfully added to the database

ie.cit.patrick.dao.MemberDao 30/10/2012 03:34AM - Attempting to add new Member: Logan Robertson to database
ie.cit.patrick.dao.MemberDao 30/10/2012 03:34AM - Member: Logan Robertson successfully added to the database

ie.cit.patrick.dao.MemberDao 30/10/2012 03:34AM - Attempting to add new Member: Betty Simpson to database
ie.cit.patrick.dao.MemberDao 30/10/2012 03:34AM - Member: Betty Simpson successfully added to the database

ie.cit.patrick.dao.MemberDao 30/10/2012 03:34AM - Attempting to add new Member: Ralf Wigan to database
ie.cit.patrick.dao.MemberDao 30/10/2012 03:34AM - Member: Ralf Wigan successfully added to the database

ie.cit.patrick.dao.MemberDao 30/10/2012 03:34AM - Attempting to add new Member: Patrick Robertson to database
ie.cit.patrick.dao.MemberDao 30/10/2012 03:34AM - Member: Patrick Robertson successfully added to the database

ie.cit.patrick.dao.MemberDao 30/10/2012 03:34AM - Attempting to add new Member: Maggie Roberton to database
ie.cit.patrick.dao.MemberDao 30/10/2012 03:34AM - Member: Maggie Roberton successfully added to the database

ie.cit.patrick.dao.MemberDao 30/10/2012 03:34AM - Attempting to add new Member: Liz Giesbers to database
ie.cit.patrick.dao.MemberDao 30/10/2012 03:34AM - Member: Liz Giesbers successfully added to the database

ie.cit.patrick.dao.MemberDao 30/10/2012 03:34AM - Attempting to update Member: Steven Robertson in database
ie.cit.patrick.dao.MemberDao 30/10/2012 03:34AM - Member: Steven Robertson successfully updated in database

ie.cit.patrick.dao.MemberDao 30/10/2012 03:34AM - Attempting to add new Member: Patrick Stewart to database
ie.cit.patrick.dao.MemberDao 30/10/2012 03:34AM - Member: Patrick Stewart successfully added to the database

